[1] (3) copy 58 58
[2] (19) c1_1 1
[2] (11) pconst_arg4 4
[2] (2) c1 1
[2] (1) c2 2
[2] (0) c0 0
[3] (7) carry_2 INIT->BLOCK 1
[3] (6) carry_1 INIT->BLOCK 2
[3] (5) carry INIT->BLOCK 0
[3] (4) stream false 0 4 1 0
[3] (57) send FAR SEND 58 0
[4] (20) pconst_arg3 168
[4] (18) c0_1 0
[4] (16) true_steer_5 true 1 true
[4] (17) false_steer_2 true 1 false
[4] (15) false_steer_1 true 2 false
[4] (13) false_steer true 0 false
[4] (14) true_steer_4 true 2 true
[4] (21) pconst_arg5 4
[4] (4) stream false 0 4 1 1
[4] (50) trunci_2 0 0
[4] (39) c1_2 1
[4] (58) output_copy 0 0
[4] (40) pconst_arg5_1 4
[4] (12) true_steer_3 true 0 true
[5] (23) carry_3 INIT->BLOCK 0
[5] (21) pconst_arg5 4
[5] (20) pconst_arg3 168
[5] (18) c0_1 0
[5] (4) stream false 0 4 1 2
[5] (51) extsi_2 0 0
[5] (22) mul 0 4 0
[5] (27) carry_4 INIT->BLOCK 2
[5] (39) c1_2 1
[5] (50) trunci_2 1 1
[5] (40) pconst_arg5_1 4
[5] (24) stream_1 false 0 4 1 0
[5] (28) carry_5 INIT->BLOCK 1
[5] (26) invariant_1 0 0
[6] (18) c0_1 0
[6] (20) pconst_arg3 168
[6] (21) pconst_arg5 4
[6] (50) trunci_2 2 2
[6] (39) c1_2 1
[6] (22) mul 1 4 4
[6] (4) stream false 0 4 1 3
[6] (34) true_steer_9 true 0 true
[6] (32) true_steer_8 true 0 true
[6] (26) invariant_1 1 0
[6] (29) true_steer_6 true 0 true
[6] (30) false_steer_3 true 0 false
[6] (24) stream_1 false 0 4 1 1
[6] (51) extsi_2 1 1
[6] (25) invariant 0 0
[6] (37) false_steer_4 true 2 false
[6] (40) pconst_arg5_1 4
[6] (45) trunci_1 0 0
[6] (38) false_steer_5 true 1 false
[6] (36) true_steer_10 true 0 true
[7] (18) c0_1 0
[7] (20) pconst_arg3 168
[7] (22) mul 2 4 8
[7] (21) pconst_arg5 4
[7] (50) trunci_2 3 3
[7] (39) c1_2 1
[7] (35) pconst_arg2 136
[7] (33) pconst_arg1 8
[7] (4) stream true 0 4 1 4
[7] (45) trunci_1 1 1
[7] (40) pconst_arg5_1 4
[7] (51) extsi_2 2 2
[7] (26) invariant_1 1 0
[7] (36) true_steer_10 true 0 true
[7] (24) stream_1 false 0 4 1 2
[7] (25) invariant 1 0
[7] (31) true_steer_7 true 0 true
[7] (46) extsi_1 0 0
[8] (22) mul 3 4 12
[8] (51) extsi_2 3 3
[8] (45) trunci_1 2 2
[8] (26) invariant_1 1 0
[8] (36) true_steer_10 true 0 true
[8] (24) stream_1 false 0 4 1 3
[8] (25) invariant 1 0
[8] (31) true_steer_7 true 0 true
[8] (41) add 0 0 0
[8] (46) extsi_1 1 1
[8] (47) loadIndex_1 136 0 136 22
[9] (46) extsi_1 2 2
[9] (27) carry_4 BLOCK->BLOCK 0
[9] (25) invariant 1 0
[9] (24) stream_1 true 0 4 1 4
[9] (36) true_steer_10 true 0 true
[9] (45) trunci_1 3 3
[9] (26) invariant_1 1 0
[9] (41) add 1 0 1
[9] (42) trunci 0 0
[9] (31) true_steer_7 true 0 true
[10] (25) invariant 1 0
[10] (37) false_steer_4 true 0 false
[10] (24) stream_1 false 0 4 1 0
[10] (26) invariant_1 1 0
[10] (36) true_steer_10 false 0 false
[10] (42) trunci 1 1
[10] (43) extsi 0 0
[10] (46) extsi_1 3 3
[10] (41) add 2 0 2
[10] (31) true_steer_7 true 0 true
[11] (24) stream_1 false 0 4 1 1
[11] (31) true_steer_7 false 0 false
[11] (43) extsi 1 1
[11] (44) loadIndex 8 0 8 93
[11] (41) add 3 0 3
[11] (25) invariant 1 0
[11] (42) trunci 2 2
[11] (45) trunci_1 0 0
[12] (46) extsi_1 0 0
[12] (45) trunci_1 1 1
[12] (24) stream_1 false 0 4 1 2
[12] (48) mul_1 22 93 2046
[12] (25) invariant 0 4
[12] (42) trunci 3 3
[12] (28) carry_5 BLOCK->BLOCK 0
[12] (43) extsi 2 2
[13] (38) false_steer_5 true 0 false
[13] (46) extsi_1 1 1
[13] (31) true_steer_7 true 4 true
[13] (45) trunci_1 2 2
[13] (25) invariant 1 4
[13] (24) stream_1 false 0 4 1 3
[13] (49) add_1 2046 0 2046
[13] (43) extsi 3 3
[14] (24) stream_1 true 0 4 1 4
[14] (25) invariant 1 4
[14] (41) add 0 4 4
[14] (46) extsi_1 2 2
[14] (31) true_steer_7 true 4 true
[14] (45) trunci_1 3 3
[14] (23) carry_3 BLOCK->BLOCK 2046
[15] (29) true_steer_6 true 2046 true
[15] (30) false_steer_3 true 2046 false
[15] (32) true_steer_8 true 2046 true
[15] (42) trunci 4 4
[15] (25) invariant 1 4
[15] (46) extsi_1 3 3
[15] (34) true_steer_9 true 2046 true
[15] (31) true_steer_7 true 4 true
[15] (41) add 1 4 5
[15] (24) stream_1 false 0 4 1 0
[16] (42) trunci 5 5
[16] (24) stream_1 false 0 4 1 1
[16] (33) pconst_arg1 8
[16] (43) extsi 4 4
[16] (31) true_steer_7 true 4 true
[16] (25) invariant 1 4
[16] (41) add 2 4 6
[16] (35) pconst_arg2 136
[16] (45) trunci_1 0 0
[17] (45) trunci_1 1 1
[17] (44) loadIndex 8 1 16 42
[17] (31) true_steer_7 false 4 false
[17] (25) invariant 1 0
[17] (41) add 3 4 7
[17] (42) trunci 6 6
[17] (24) stream_1 false 0 4 1 2
[17] (47) loadIndex_1 136 1 144 37
[17] (46) extsi_1 0 0
[17] (43) extsi 5 5
[18] (46) extsi_1 1 1
[18] (27) carry_4 BLOCK->BLOCK 0
[18] (24) stream_1 false 0 4 1 3
[18] (25) invariant 0 8
[18] (42) trunci 7 7
[18] (43) extsi 6 6
[18] (45) trunci_1 2 2
[18] (48) mul_1 37 42 1554
[18] (28) carry_5 BLOCK->BLOCK 0
[19] (37) false_steer_4 true 0 false
[19] (25) invariant 1 8
[19] (31) true_steer_7 true 8 true
[19] (45) trunci_1 3 3
[19] (43) extsi 7 7
[19] (46) extsi_1 2 2
[19] (49) add_1 1554 2046 3600
[19] (24) stream_1 true 0 4 1 4
[19] (38) false_steer_5 true 0 false
[20] (31) true_steer_7 true 8 true
[20] (41) add 0 8 8
[20] (46) extsi_1 3 3
[20] (23) carry_3 BLOCK->BLOCK 3600
[20] (24) stream_1 false 0 4 1 0
[20] (25) invariant 1 8
[21] (41) add 1 8 9
[21] (29) true_steer_6 true 3600 true
[21] (30) false_steer_3 true 3600 false
[21] (32) true_steer_8 true 3600 true
[21] (42) trunci 8 8
[21] (34) true_steer_9 true 3600 true
[21] (45) trunci_1 0 0
[21] (24) stream_1 false 0 4 1 1
[21] (25) invariant 1 8
[21] (31) true_steer_7 true 8 true
[22] (33) pconst_arg1 8
[22] (43) extsi 8 8
[22] (35) pconst_arg2 136
[22] (25) invariant 1 8
[22] (42) trunci 9 9
[22] (24) stream_1 false 0 4 1 2
[22] (31) true_steer_7 true 8 true
[22] (46) extsi_1 0 0
[22] (45) trunci_1 1 1
[22] (41) add 2 8 10
[23] (44) loadIndex 8 2 24 82
[23] (47) loadIndex_1 136 2 152 30
[23] (31) true_steer_7 false 8 false
[23] (43) extsi 9 9
[23] (24) stream_1 false 0 4 1 3
[23] (25) invariant 1 0
[23] (41) add 3 8 11
[23] (45) trunci_1 2 2
[23] (46) extsi_1 1 1
[23] (42) trunci 10 10
[24] (27) carry_4 BLOCK->BLOCK 0
[24] (48) mul_1 30 82 2460
[24] (28) carry_5 BLOCK->BLOCK 0
[24] (46) extsi_1 2 2
[24] (25) invariant 0 12
[24] (45) trunci_1 3 3
[24] (24) stream_1 true 0 4 1 4
[24] (42) trunci 11 11
[24] (43) extsi 10 10
[25] (37) false_steer_4 true 0 false
[25] (49) add_1 2460 3600 6060
[25] (46) extsi_1 3 3
[25] (38) false_steer_5 true 0 false
[25] (25) invariant 1 12
[25] (31) true_steer_7 true 12 true
[25] (43) extsi 11 11
[26] (31) true_steer_7 true 12 true
[26] (41) add 0 12 12
[26] (23) carry_3 BLOCK->BLOCK 6060
[26] (25) invariant 1 12
[27] (31) true_steer_7 true 12 true
[27] (30) false_steer_3 true 6060 false
[27] (29) true_steer_6 true 6060 true
[27] (32) true_steer_8 true 6060 true
[27] (42) trunci 12 12
[27] (34) true_steer_9 true 6060 true
[27] (25) invariant 1 12
[27] (41) add 1 12 13
[28] (25) invariant 1 12
[28] (33) pconst_arg1 8
[28] (43) extsi 12 12
[28] (35) pconst_arg2 136
[28] (31) true_steer_7 true 12 true
[28] (41) add 2 12 14
[28] (42) trunci 13 13
[29] (25) invariant 1 0
[29] (31) true_steer_7 false 12 false
[29] (41) add 3 12 15
[29] (44) loadIndex 8 3 32 35
[29] (47) loadIndex_1 136 3 160 23
[29] (42) trunci 14 14
[29] (43) extsi 13 13
[30] (43) extsi 14 14
[30] (28) carry_5 BLOCK->BLOCK 0
[30] (42) trunci 15 15
[30] (27) carry_4 BLOCK->BLOCK 0
[30] (48) mul_1 23 35 805
[31] (38) false_steer_5 false 0 true
[31] (27) carry_4 BLOCK->INIT
[31] (37) false_steer_4 false 0 true
[31] (49) add_1 805 6060 6865
[31] (43) extsi 15 15
[31] (28) carry_5 BLOCK->INIT
[32] (55) merge_1 0
[32] (56) merge_2 0
[32] (52) order 0 0 0
[32] (23) carry_3 BLOCK->BLOCK 6865
[33] (23) carry_3 BLOCK->INIT
[33] (29) true_steer_6 false 6865 false
[33] (30) false_steer_3 false 6865 true
[33] (32) true_steer_8 false 6865 false
[33] (34) true_steer_9 false 6865 false
[33] (10) true_steer_2 true 0 true
[33] (9) true_steer_1 true 0 true
[34] (23) carry_3 INIT->BLOCK 0
[34] (53) storeIndex 168 0 168 6865
[34] (7) carry_2 BLOCK->BLOCK 0
[34] (6) carry_1 BLOCK->BLOCK 0
[35] (29) true_steer_6 true 0 true
[35] (32) true_steer_8 true 0 true
[35] (15) false_steer_1 true 0 false
[35] (34) true_steer_9 true 0 true
[35] (16) true_steer_5 true 0 true
[35] (30) false_steer_3 true 0 false
[35] (54) merge 1
[35] (17) false_steer_2 true 0 false
[35] (14) true_steer_4 true 0 true
[36] (33) pconst_arg1 8
[36] (35) pconst_arg2 136
[36] (28) carry_5 INIT->BLOCK 0
[36] (8) true_steer true 1 true
[36] (27) carry_4 INIT->BLOCK 0
[37] (5) carry BLOCK->BLOCK 1
[37] (37) false_steer_4 true 0 false
[37] (38) false_steer_5 true 0 false
[38] (13) false_steer true 1 false
[38] (12) true_steer_3 true 1 true
[39] (26) invariant_1 0 1
[40] (26) invariant_1 1 1
[40] (36) true_steer_10 true 1 true
[41] (44) loadIndex 8 4 40 21
[41] (36) true_steer_10 true 1 true
[41] (26) invariant_1 1 1
[41] (47) loadIndex_1 136 0 136 22
[42] (28) carry_5 BLOCK->BLOCK 0
[42] (36) true_steer_10 true 1 true
[42] (26) invariant_1 1 1
[42] (27) carry_4 BLOCK->BLOCK 0
[42] (48) mul_1 22 21 462
[43] (36) true_steer_10 true 1 true
[43] (38) false_steer_5 true 0 false
[43] (26) invariant_1 1 1
[43] (37) false_steer_4 true 0 false
[43] (49) add_1 462 0 462
[44] (26) invariant_1 1 0
[44] (36) true_steer_10 false 1 false
[44] (23) carry_3 BLOCK->BLOCK 462
[45] (29) true_steer_6 true 462 true
[45] (34) true_steer_9 true 462 true
[45] (30) false_steer_3 true 462 false
[45] (32) true_steer_8 true 462 true
[46] (35) pconst_arg2 136
[46] (33) pconst_arg1 8
[47] (44) loadIndex 8 5 48 0
[47] (47) loadIndex_1 136 1 144 37
[48] (48) mul_1 37 0 0
[48] (28) carry_5 BLOCK->BLOCK 0
[48] (27) carry_4 BLOCK->BLOCK 0
[49] (38) false_steer_5 true 0 false
[49] (37) false_steer_4 true 0 false
[49] (49) add_1 0 462 462
[50] (23) carry_3 BLOCK->BLOCK 462
[51] (29) true_steer_6 true 462 true
[51] (30) false_steer_3 true 462 false
[51] (32) true_steer_8 true 462 true
[51] (34) true_steer_9 true 462 true
[52] (33) pconst_arg1 8
[52] (35) pconst_arg2 136
[53] (44) loadIndex 8 6 56 94
[53] (47) loadIndex_1 136 2 152 30
[54] (28) carry_5 BLOCK->BLOCK 0
[54] (27) carry_4 BLOCK->BLOCK 0
[54] (48) mul_1 30 94 2820
[55] (38) false_steer_5 true 0 false
[55] (37) false_steer_4 true 0 false
[55] (49) add_1 2820 462 3282
[56] (23) carry_3 BLOCK->BLOCK 3282
[57] (29) true_steer_6 true 3282 true
[57] (30) false_steer_3 true 3282 false
[57] (32) true_steer_8 true 3282 true
[57] (34) true_steer_9 true 3282 true
[58] (33) pconst_arg1 8
[58] (35) pconst_arg2 136
[59] (44) loadIndex 8 7 64 98
[59] (47) loadIndex_1 136 3 160 23
[60] (28) carry_5 BLOCK->BLOCK 0
[60] (27) carry_4 BLOCK->BLOCK 0
[60] (48) mul_1 23 98 2254
[61] (28) carry_5 BLOCK->INIT
[61] (38) false_steer_5 false 0 true
[61] (37) false_steer_4 false 0 true
[61] (49) add_1 2254 3282 5536
[61] (27) carry_4 BLOCK->INIT
[62] (52) order 0 0 0
[62] (56) merge_2 0
[62] (55) merge_1 0
[62] (23) carry_3 BLOCK->BLOCK 5536
[63] (29) true_steer_6 false 5536 false
[63] (30) false_steer_3 false 5536 true
[63] (10) true_steer_2 true 0 true
[63] (23) carry_3 BLOCK->INIT
[63] (32) true_steer_8 false 5536 false
[63] (9) true_steer_1 true 0 true
[63] (34) true_steer_9 false 5536 false
[64] (53) storeIndex 168 1 176 5536
[64] (7) carry_2 BLOCK->BLOCK 0
[64] (23) carry_3 INIT->BLOCK 0
[64] (6) carry_1 BLOCK->BLOCK 0
[65] (15) false_steer_1 true 0 false
[65] (34) true_steer_9 true 0 true
[65] (32) true_steer_8 true 0 true
[65] (14) true_steer_4 true 0 true
[65] (54) merge 1
[65] (30) false_steer_3 true 0 false
[65] (17) false_steer_2 true 0 false
[65] (16) true_steer_5 true 0 true
[65] (29) true_steer_6 true 0 true
[66] (35) pconst_arg2 136
[66] (33) pconst_arg1 8
[66] (27) carry_4 INIT->BLOCK 0
[66] (8) true_steer true 1 true
[66] (28) carry_5 INIT->BLOCK 0
[67] (37) false_steer_4 true 0 false
[67] (5) carry BLOCK->BLOCK 1
[67] (38) false_steer_5 true 0 false
[68] (13) false_steer true 1 false
[68] (12) true_steer_3 true 1 true
[69] (26) invariant_1 0 1
[70] (26) invariant_1 1 1
[70] (36) true_steer_10 true 1 true
[71] (26) invariant_1 1 1
[71] (36) true_steer_10 true 1 true
[71] (44) loadIndex 8 8 72 49
[71] (47) loadIndex_1 136 0 136 22
[72] (27) carry_4 BLOCK->BLOCK 0
[72] (36) true_steer_10 true 1 true
[72] (26) invariant_1 1 1
[72] (28) carry_5 BLOCK->BLOCK 0
[72] (48) mul_1 22 49 1078
[73] (36) true_steer_10 true 1 true
[73] (38) false_steer_5 true 0 false
[73] (26) invariant_1 1 1
[73] (37) false_steer_4 true 0 false
[73] (49) add_1 1078 0 1078
[74] (26) invariant_1 1 0
[74] (36) true_steer_10 false 1 false
[74] (23) carry_3 BLOCK->BLOCK 1078
[75] (30) false_steer_3 true 1078 false
[75] (32) true_steer_8 true 1078 true
[75] (34) true_steer_9 true 1078 true
[75] (29) true_steer_6 true 1078 true
[76] (33) pconst_arg1 8
[76] (35) pconst_arg2 136
[77] (47) loadIndex_1 136 1 144 37
[77] (44) loadIndex 8 9 80 86
[78] (28) carry_5 BLOCK->BLOCK 0
[78] (48) mul_1 37 86 3182
[78] (27) carry_4 BLOCK->BLOCK 0
[79] (37) false_steer_4 true 0 false
[79] (49) add_1 3182 1078 4260
[79] (38) false_steer_5 true 0 false
[80] (23) carry_3 BLOCK->BLOCK 4260
[81] (30) false_steer_3 true 4260 false
[81] (29) true_steer_6 true 4260 true
[81] (32) true_steer_8 true 4260 true
[81] (34) true_steer_9 true 4260 true
[82] (33) pconst_arg1 8
[82] (35) pconst_arg2 136
[83] (44) loadIndex 8 10 88 46
[83] (47) loadIndex_1 136 2 152 30
[84] (27) carry_4 BLOCK->BLOCK 0
[84] (28) carry_5 BLOCK->BLOCK 0
[84] (48) mul_1 30 46 1380
[85] (37) false_steer_4 true 0 false
[85] (38) false_steer_5 true 0 false
[85] (49) add_1 1380 4260 5640
[86] (23) carry_3 BLOCK->BLOCK 5640
[87] (29) true_steer_6 true 5640 true
[87] (30) false_steer_3 true 5640 false
[87] (32) true_steer_8 true 5640 true
[87] (34) true_steer_9 true 5640 true
[88] (33) pconst_arg1 8
[88] (35) pconst_arg2 136
[89] (44) loadIndex 8 11 96 38
[89] (47) loadIndex_1 136 3 160 23
[90] (28) carry_5 BLOCK->BLOCK 0
[90] (27) carry_4 BLOCK->BLOCK 0
[90] (48) mul_1 23 38 874
[91] (28) carry_5 BLOCK->INIT
[91] (38) false_steer_5 false 0 true
[91] (37) false_steer_4 false 0 true
[91] (27) carry_4 BLOCK->INIT
[91] (49) add_1 874 5640 6514
[92] (55) merge_1 0
[92] (52) order 0 0 0
[92] (56) merge_2 0
[92] (23) carry_3 BLOCK->BLOCK 6514
[93] (9) true_steer_1 true 0 true
[93] (29) true_steer_6 false 6514 false
[93] (30) false_steer_3 false 6514 true
[93] (23) carry_3 BLOCK->INIT
[93] (10) true_steer_2 true 0 true
[93] (32) true_steer_8 false 6514 false
[93] (34) true_steer_9 false 6514 false
[94] (6) carry_1 BLOCK->BLOCK 0
[94] (53) storeIndex 168 2 184 6514
[94] (7) carry_2 BLOCK->BLOCK 0
[94] (23) carry_3 INIT->BLOCK 0
[95] (54) merge 1
[95] (16) true_steer_5 true 0 true
[95] (17) false_steer_2 true 0 false
[95] (34) true_steer_9 true 0 true
[95] (29) true_steer_6 true 0 true
[95] (32) true_steer_8 true 0 true
[95] (14) true_steer_4 true 0 true
[95] (15) false_steer_1 true 0 false
[95] (30) false_steer_3 true 0 false
[96] (8) true_steer true 1 true
[96] (28) carry_5 INIT->BLOCK 0
[96] (35) pconst_arg2 136
[96] (33) pconst_arg1 8
[96] (27) carry_4 INIT->BLOCK 0
[97] (37) false_steer_4 true 0 false
[97] (38) false_steer_5 true 0 false
[97] (5) carry BLOCK->BLOCK 1
[98] (13) false_steer true 1 false
[98] (12) true_steer_3 true 1 true
[99] (26) invariant_1 0 1
[100] (26) invariant_1 1 1
[100] (36) true_steer_10 true 1 true
[101] (36) true_steer_10 true 1 true
[101] (44) loadIndex 8 12 104 44
[101] (26) invariant_1 1 1
[101] (47) loadIndex_1 136 0 136 22
[102] (28) carry_5 BLOCK->BLOCK 0
[102] (26) invariant_1 1 1
[102] (27) carry_4 BLOCK->BLOCK 0
[102] (36) true_steer_10 true 1 true
[102] (48) mul_1 22 44 968
[103] (38) false_steer_5 true 0 false
[103] (37) false_steer_4 true 0 false
[103] (36) true_steer_10 true 1 true
[103] (26) invariant_1 1 1
[103] (49) add_1 968 0 968
[104] (26) invariant_1 1 0
[104] (36) true_steer_10 false 1 false
[104] (23) carry_3 BLOCK->BLOCK 968
[105] (30) false_steer_3 true 968 false
[105] (32) true_steer_8 true 968 true
[105] (34) true_steer_9 true 968 true
[105] (29) true_steer_6 true 968 true
[106] (35) pconst_arg2 136
[106] (33) pconst_arg1 8
[107] (47) loadIndex_1 136 1 144 37
[107] (44) loadIndex 8 13 112 92
[108] (48) mul_1 37 92 3404
[108] (27) carry_4 BLOCK->BLOCK 0
[108] (28) carry_5 BLOCK->BLOCK 0
[109] (49) add_1 3404 968 4372
[109] (37) false_steer_4 true 0 false
[109] (38) false_steer_5 true 0 false
[110] (23) carry_3 BLOCK->BLOCK 4372
[111] (29) true_steer_6 true 4372 true
[111] (30) false_steer_3 true 4372 false
[111] (32) true_steer_8 true 4372 true
[111] (34) true_steer_9 true 4372 true
[112] (35) pconst_arg2 136
[112] (33) pconst_arg1 8
[113] (47) loadIndex_1 136 2 152 30
[113] (44) loadIndex 8 14 120 32
[114] (48) mul_1 30 32 960
[114] (27) carry_4 BLOCK->BLOCK 0
[114] (28) carry_5 BLOCK->BLOCK 0
[115] (37) false_steer_4 true 0 false
[115] (49) add_1 960 4372 5332
[115] (38) false_steer_5 true 0 false
[116] (23) carry_3 BLOCK->BLOCK 5332
[117] (29) true_steer_6 true 5332 true
[117] (30) false_steer_3 true 5332 false
[117] (32) true_steer_8 true 5332 true
[117] (34) true_steer_9 true 5332 true
[118] (33) pconst_arg1 8
[118] (35) pconst_arg2 136
[119] (47) loadIndex_1 136 3 160 23
[119] (44) loadIndex 8 15 128 86
[120] (48) mul_1 23 86 1978
[120] (28) carry_5 BLOCK->BLOCK 0
[120] (27) carry_4 BLOCK->BLOCK 0
[121] (37) false_steer_4 false 0 true
[121] (28) carry_5 BLOCK->INIT
[121] (38) false_steer_5 false 0 true
[121] (49) add_1 1978 5332 7310
[121] (27) carry_4 BLOCK->INIT
[122] (56) merge_2 0
[122] (55) merge_1 0
[122] (23) carry_3 BLOCK->BLOCK 7310
[122] (52) order 0 0 0
[123] (29) true_steer_6 false 7310 false
[123] (30) false_steer_3 false 7310 true
[123] (32) true_steer_8 false 7310 false
[123] (34) true_steer_9 false 7310 false
[123] (9) true_steer_1 true 0 true
[123] (23) carry_3 BLOCK->INIT
[123] (10) true_steer_2 true 0 true
[124] (7) carry_2 BLOCK->BLOCK 0
[124] (53) storeIndex 168 3 192 7310
[124] (6) carry_1 BLOCK->BLOCK 0
[125] (6) carry_1 BLOCK->INIT
[125] (16) true_steer_5 false 0 false
[125] (17) false_steer_2 false 0 true
[125] (54) merge 1
[125] (14) true_steer_4 false 0 false
[125] (15) false_steer_1 false 0 true
[125] (7) carry_2 BLOCK->INIT
[126] (55) merge_1 0
[126] (8) true_steer true 1 true
[126] (56) merge_2 0
[127] (9) true_steer_1 false 0 false
[127] (5) carry BLOCK->BLOCK 1
[127] (10) true_steer_2 false 0 false
[128] (13) false_steer false 1 true
[128] (12) true_steer_3 false 1 false
[128] (5) carry BLOCK->INIT
[129] (54) merge 1
[130] (8) true_steer false 1 false
